4
8
12
16
20
24
28
32
36
40
44
48
52
56
60
64
68
72
76
80
84
88
92
96
100
104
108
112
116
120
124
128
132
136
140
144
148
152
156
160
164
168
172
174
178
182
186
188
192
194
198
202
206
208
210
214
216
218
222
226
230
232
234
238
242
246
250
250
254
258
262
264
268
272
274
276
280
284
286
288
292
296
300
300
304
308
312
316
320
324
326
330
334
336
340
342
344
348
352
356
360
364
368
372
376
378
382
386
390
394
398
402
404
406
410
414
416
420
424
428
432
436
436
440
444
448
452
456
458
462
464
468
472
474
478
482
486
488
488
492
496
498
502
504
508
512
516
518
520
522
526
526
528
532
536
538
542
544
548
552
556
558
560
562
562
564
568
572
576
580
584
588
592
594
598
600
604
608
612
616
616
620
622
626
630
630
632
634
638
642
644
646
648
650
654
658
662
664
666
666
670
672
674
678
680
680
684
688
692
696
696
700
700
702
704
708
710
712
716
720
722
726
726
728
732
736
740
740
744
746
750
750
752
756
760
764
768
772
776
774
778
780
784
784
788
792
796
798
800
804
808
812
816
820
824
826
828
830
834
836
840
842
846
848
850
852
856
858
862
866
870
872
874
878
882
884
886
886
890
894
898
900
902
906
908
910
912
914
916
918
920
924
928
930
934
938
940
942
946
948
946
948
948
950
952
956
960
962
964
966
966
970
972
974
978
982
984
988
990
994
994
996
998
1002
1006
1008
1008
1012
1014
1018
1022
1024
1024
1026
1030
1032
1034
1038
1042
1046
1046
1046
1050
1054
1056
1060
1064
1068
1070
1070
1072
1076
1080
1082
1086
1088
1086
1090
1094
1096
1098
1102
1104
1102
1104
1104
1106
1104
1108
1110
1110
1112
1114
1114
1116
1120
1122
1122
1126
1126
1130
1132
1132
1134
1138
1140
1144
1146
1148
1152
1156
1158
1158
1162
1162
1166
1168
1170
1174
1174
1176
1178
1180
1182
1184
1188
1186
1188
1190
1192
1194
1194
1194
1194
1194
1198
1202
1202
1204
1208
1210
1210
1214
1216
1216
1220
1220
1224
1224
1228
1228
1230
1234
1236
1240
1244
1246
1250
1252
1256
1256
1256
1260
1262
1266
1268
1272
1276
1278
1282
1284
1286
1290
1294
1298
1300
1304
1308
1312
1314
1316
1320
1320
1324
1324
1328
1330
1332
1336
1338
1338
1342
1342
1342
1344
1344
1344
1348
1350
1350
1354
1358
1360
1362
1366
1368
1372
1374
1378
1378
1376
1376
1378
1380
1384
1384
1386
1390
1392
1396
1396
1398
1402
1406
1410
1412
1412
1414
1416
1420
1424
1426
1426
1430
1428
1432
1434
1436
1440
1440
1442
1444
1442
1444
1444
1446
1448
1450
1454
1452
1454
1456
1458
1460
1460
1460
1462
1464
1462
1466
1466
1468
1470
1470
1472
1472
1476
1480
1482
1480
1482
1486
1486
1490
1488
1490
1490
1490
1492
1492
1494
1494
1496
1500
1500
1500
1498
1500
1502
1502
1504
1506
1506
1506
1506
1510
1510
1512
1512
1516
1520
1522
1524
1526
1528
1530
1534
1536
1538
1538
1536
1536
1540
1542
1546
1548
1552
1554
1554
1556
1554
1556
1556
1556
1558
1556
1558
1560
1562
1560
1562
1564
1564
1568
1572
1574
1576
1580
1582
1580
1580
1584
1588
1592
1594
1594
1598
1600
1602
1604
1606
1608
1608
1610
1612
1614
1614
1614
1614
1616
1620
1622
1622
1624
1628
1630
1634
1638
1640
1642
1642
1644
1646
1650
1652
1654
1656
1656
1656
1658
1658
1660
1660
1662
1660
1664
1666
1666
1670
1672
1674
1674
1674
1674
1676
1676
1680
1680
1682
1684
1688
1688
1688
1688
1686
1688
1690
1692
1694
1696
1696
1700
1702
1704
1706
1704
1706
1708
1708
1706
1708
1710
1712
1714
1714
1716
1720
1720
1724
1724
1728
1730
1730
1730
1730
1734
1736
1736
1738
1740
1742
1742
1740
1740
1742
1746
1746
1742
1742
1740
1740
1744
1744
1746
1748
1748
1750
1752
1754
1752
1752
1756
1758
1760
1762
1766
1762
1764
1766
1764
1768
1766
1768
1772
1776
1776
1778
1778
1780
1780
1782
1786
1790
1792
1794
1796
1800
1800
1800
1800
1802
1802
1804
1806
1810
1812
1814
1814
1814
1810
1810
1812
1812
1816
1816
1818
1816
1818
1816
1814
1816
1816
1816
1818
1818
1816
1816
1818
1822
1822
1824
1824
1822
1822
1824
1824
1824
1824
1828
1826
1828
1828
1830
1834
1838
1836
1840
1844
1846
1846
1848
1848
1846
1850
1852
1854
1854
1856
1856
1860
1862
1864
1864
1866
1868
1870
1870
1872
1870
1872
1874
1876
1878
1880
1878
1876
1878
1878
1880
1880
1884
1884
1886
1890
1894
1896
1900
1900
1900
1904
1906
1906
1910
1910
1912
1914
1916
1916
1920
1918
1920
1922
1924
1926
1924
1924
1926
1926
1928
1930
1930
1930
1932
1932
1932
1932
1932
1932
1932
1934
1936
1938
1942
1942
1942
1938
1938
1938
1940
1942
1946
1948
1952
1956
1958
1960
1956
1958
1960
1960
1962
1966
1968
1966
1964
1964
1962
1962
1964
1966
1968
1972
1972
1972
1974
1978
1976
1978
1978
1980
1980
1978
1980
1984
1984
1980
1982
1982
1982
1984
1986
1986
1988
1990
1992
1994
1998
1998
1996
1996
1994
1994
1994
1992
1992
1994
1994
1994
1996
1998
1996
1998
1998
1998
1996
1998
1998
1996
1998
2000
2002
2002
2006
2008
2010
2012
2012
2012
2010
2010
2012
2016
2018
2020
2020
2020
2020
2024
2026
2028
2028
2028
2028
2030
2028
2030
2032
2032
2032
2030
2030
2028
2032
2030
2032
2032
2032
2034
2034
2036
2036
2034
2034
2034
2038
2036
2038
2038
2038
2042
2040
2038
2036
2036
2036
2036
2040
2042
2046
2048
2050
2052
2052
2056
2054
2052
2054
2052
2054
2058
2062
2062
2062
2060
2064
2062
2062
2062
2064
2064
2064
2066
2068
2072
2074
2074
2072
2072
2070
2066
2070
2072
2072
2072
2072
2074
2074
2076
2074
2078
2078
2080
2080
2084
2080
2084
2086
2088
2086
2084
2084
2086
2088
2086
2090
2092
2094
2094
2094
2094
2094
2098
2102
2100
2100
2102
2102
2100
2102
2104
2102
2106
2108
2110
2112
2112
2114
2112
2112
2116
2120
2122
2126
2126
2128
2130
2132
2128
2126
2128
2132
2132
2134
2136
2134
2134
2138
2140
2142
2144
2146
2150
2150
2152
2154
2158
2160
2162
2160
2160
2160
2160
2160
2162
2164
2164
2164
2166
2168
2168
2168
2168
2170
2172
2174
2172
2170
2168
2172
2172
2172
2172
2174
2178
2178
2182
2184
2186
2188
2188
2188
2190
2188
2188
2186
2184
2188
2188
2190
2192
2194
2198
2202
2206
2210
2210
2212
2212
2212
2216
2216
2218
2218
2220
2222
2220
2222
2222
2224
2224
2226
2226
2224
2224
2226
2228
2232
2230
2230
2228
2232
2234
2234
2232
2234
2236
2238
2238
2238
2238
2240
2242
2242
2244
2246
2248
2250
2254
2258
2258
2260
2260
2262
2264
2264
2266
2266
2266
2268
2270
2268
2270
2274
2274
2276
2278
2278
2274
2276
2278
2282
2282
2284
2284
2286
2286
2288
2286
2288
2290
2292
2292
2292
2294
2296
2294
2294
2292
2292
2296
2296
2298
2298
2296
2300
2300
2302
2302
2304
2302
2304
2306
2306
2310
2314
2314
2314
2316
2320
2320
2322
2318
2322
2326
2328
2328
2330
2330
2332
2334
2336
2334
2334
2334
2334
2334
2336
2338
2340
2340
2344
2344
2344
2342
2344
2344
2344
2346
2348
2348
2350
2348
2348
2348
2348
2346
2346
2348
2350
2350
2350
2352
2354
2354
2356
2358
2356
2360
2362
2362
2360
2360
2358
2358
2362
2364
2364
2368
2368
2370
2372
2374
2376
2376
2376
2376
2376
2380
2380
2384
2384
2386
2388
2388
2390
2390
2390
2390
2388
2388
2388
2390
2392
2396
2396
2396
2396
2394
2396
2394
2396
2396
2396
2394
2392
2396
2396
2396
2398
2400
2402
2404
2406
2406
2406
2408
2406
2408
2412
2408
2406
2406
2406
2408
2410
2410
2412
2414
2416
2416
2418
2418
2418
2420
2418
2416
2418
2418
2420
2418
2418
2416
2418
2416
2416
2416
2414
2410
2408
2410
2412
2410
2410
2412
2412
2414
2412
2414
2414
2412
2410
2412
2408
2408
2408
2410
2412
2414
2412
2414
2412
2410
2412
2410
2412
2410
2408
2406
2406
2408
2408
2410
2412
2410
2410
2412
2414
2418
2418
2420
2420
2420
2424
2426
2428
2432
2430
2430
2428
2428
2432
2436
2436
2438
2438
2438
2436
2436
2434
2434
2434
2436
2432
2434
2436
2438
2434
2430
2432
2434
2436
2434
2432
2432
2432
2432
2430
2432
2432
2432
2428
2430
2430
2428
2426
2426
2424
2424
2426
2430
2426
2426
2426
2426
2424
2424
2424
2424
2426
2426
2430
2432
2436
2436
2438
2438
2436
2438
2436
2436
2434
2430
2434
2434
2438
2440
2438
2438
2438
2440
2442
2444
2448
2448
2450
2454
2452
2450
2450
2446
2448
2450
2452
2452
2452
2454
2454
2456
2454
2456
2458
2458
2460
2464
2464
2466
2470
2472
2470
2470
2466
2464
2466
2468
2472
2472
2474
2470
2472
2472
2476
2478
2478
2478
2476
2476
2478
2480
2482
2484
2486
2484
2484
2486
2484
2486
2488
2488
2488
2486
2488
2486
2488
2486
2486
2484
2486
2486
2486
2484
2488
2486
2482
2480
2480
2480
2478
2480
2480
2480
2482
2481
2479
2479
2481
2483
2485
2489
2493
2493
2491
2491
2489
2489
2487
2487
2483
2483
2485
2483
2485
2487
2485
2485
2485
2481
2479
2479
2477
2479
2479
2477
2477
2475
2479
2477
2479
2479
2479
2479
2475
2475
2477
2477
2479
2477
2475
2475
2477
2477
2479
2475
2475
2477
2477
2479
2481
2483
2487
2489
2489
2487
2487
2487
2487
2487
2489
2487
2487
2489
2487
2489
2489
2493
2491
2489
2487
2485
2483
2481
2479
2477
2479
2479
2479
2475
2475
2477
2475
2477
2475
2477
2481
2485
2485
2487
2489
2491
2489
2487
2489
2487
2485
2487
2487
2489
2489
2487
2489
2487
2487
2487
2489
2491
2495
2493
2495
2499
2499
2499
2501
2501
2499
2501
2499
2499
2499
2499
2501
2503
2505
2503
2505
2503
2503
2503
2505
2505
2501
2503
2503
2505
2507
2503
2505
2509
2509
2511
2511
2513
2515
2515
2513
2515
2517
2517
2517
2517
2517
2515
2515
2513
2515
2517
2519
2517
2519
2517
2521
2523
2527
2527
2531
2531
2531
2529
2529
2527
2529
2529
2529
2531
2531
2529
2531
2531
2531
2531
2533
2531
2531
2533
2535
2535
2535
2539
2539
2537
2533
2535
2535
2533
2533
2533
2535
2533
2535
2533
2533
2531
2531
2529
2529
2529
2531
2535
2535
2537
2537
2539
2539
2541
2537
2541
2539
2537
2537
2539
2535
2537
2537
2535
2533
2533
2533
2533
2533
2529
2529
2529
2531
2531
2529
2531
2531
2529
2531
2531
2529
2527
2527
2525
2523
2523
2525
2527
2529
2529
2529
2529
2531
2531
2531
2535
2537
2535
2535
2535
2535
2535
2539
2541
2543
2543
2543
2545
2545
2543
2545
2547
2545
2545
2547
2547
2545
2549
2547
2551
2549
2549
2549
2553
2551
2553
2557
2555
2557
2561
2561
2561
2561
2565
2563
2561
2559
2559
2559
2561
2561
2563
2561
2561
2563
2563
2565
2563
2567
2567
2567
2565
2567
2567
2567
2563
2565
2565
2565
2567
2565
2563
2565
2565
2561
2559
2561
2561
2563
2565
2565
2565
2563
2565
2563
2565
2569
2567
2569
2569
2569
2571
2573
2575
2575
2579
2583
2583
2585
2585
2589
2587
2589
2593
2591
2591
2591
2593
2597
2599
2601
2603
2603
2605
2605
2605
2605
2605
2605
2605
2607
2607
2607
2607
2609
2611
2611
2611
2613
2615
2613
2611
2609
2607
2607
2609
2611
2609
2611
2611
2611
2611
2611
2613
2615
2617
2619
2621
2617
2617
2617
2619
2621
2623
2621
2625
2627
2631
2631
2629
2633
2635
2635
2637
2635
2633
2629
2631
2633
2633
2633
2633
2633
2633
2637
2637
2635
2637
2633
2631
2633
2631
2633
2635
2637
2639
2639
2641
2639
2641
2637
2637
2639
2635
2635
2635
2637
2635
2635
2633
2631
2627
2629
2629
2627
2629
2631
2633
2637
2637
2635
2633
2633
2637
2639
2637
2639
2637
2639
2641
2637
2637
2635
2633
2635
2637
2635
2637
2635
2637
2639
2639
2637
2641
2641
2637
2633
2635
2637
2637
2637
2639
2639
2641
2641
2645
2645
2643
2643
2645
2645
2643
2643
2641
2639
2639
2635
2633
2631
2629
2631
2631
2633
2635
2637
2635
2635
2635
2637
2639
2639
2639
2639
2643
2641
2643
2643
2643
2643
2641
2641
2639
2641
2641
2639
2641
2641
2639
2639
2641
2641
2643
2645
2643
2643
2647
2647
2649
2649
2647
2651
2651
2653
2653
2657
2657
2657
2655
2657
2653
2655
2653
2649
2651
2651
2653
2651
2653
2655
2657
2657
2655
2653
2655
2653
2653
2651
2649
2649
2647
2649
2651
2653
2651
2651
2649
2647
2649
2649
2645
2645
2647
2649
2649
2651
2651
2651
2651
2649
2649
2649
2651
2647
2647
2647
2647
2645
2643
2641
2639
2639
2639
2637
2637
2635
2635
2637
2637
2637
2639
2637
2639
2641
2639
2641
2641
2641
2645
2647
2647
2645
2645
2647
2649
2653
2651
2651
2649
2651
2651
2649
2647
2645
2645
2645
2647
2649
2651
2651
2651
2651
2651
2647
2647
2647
2645
2645
2645
2649
2645
2649
2649
2651
2649
2651
2653
2651
2649
2649
2651
2651
2655
2655
2657
2657
2657
2657
2659
2657
2661
2661
2663
2667
2671
2669
2667
2669
2669
2671
2669
2669
2667
2669
2669
2665
2669
2671
2671
2671
2671
2669
2667
2669
2665
2665
2663
2667
2665
2665
2665
2665
2663
2663
2659
2657
2657
2655
2655
2655
2653
2655
2655
2653
2653
2653
2651
2651
2653
2651
2651
2653
2653
2651
2649
2647
2643
2643
2643
2645
2643
2645
2645
2647
2649
2651
2655
2655
2653
2655
2655
2653
2653
2653
2653
2651
2653
2655
2657
2658
2658
2654
2650
2652
2650
2648
2646
2644
2648
2648
2650
2652
2650
2650
2650
2650
2648
2646
2644
2646
2644
2642
2644
2642
2640
2638
2638
2636
2634
2634
2632
2634
2632
2636
2638
2638
2636
2636
2634
2632
2632
2634
2636
2636
2636
2636
2638
2638
2642
2640
2644
2644
2648
2648
2650
2650
2650
2652
2652
2652
2654
2652
2650
2650
2650
2652
2652
2650
2652
2654
2656
2656
2658
2658
2658
2658
2658
2660
2660
2656
2656
2658
2656
2652
2654
2654
2652
2652
2654
2656
2656
2656
2658
2656
2658
2656
2654
2654
2652
2654
2654
2654
2652
2654
2654
2654
2654
2656
2656
2654
2654
2656
2658
2662
2664
2664
2664
2664
2662
2662
2660
2658
2660
2660
2660
2660
2656
2658
2658
2658
2658
2654
2654
2656
2658
2656
2660
2656
2658
2658
2658
2660
2664
2660
2658
2656
2658
2658
2656
2660
2658
2656
2652
2652
2654
2656
2660
2664
2668
2668
2672
2670
2668
2670
2672
2670
2670
2672
2672
2668
2670
2672
2670
2672
2674
2674
2670
2670
2672
2670
2668
2668
2668
2668
2666
2664
2666
2666
2664
2662
2660
2662
2662
2662
2662
2664
2664
2662
2662
2660
2660
2660
2656
2658
2660
2656
2658
2660
2664
2664
2662
2660
2660
2660
2660
2656
2654
2654
2654
2654
2652
2654
2652
2652
2652
2654
2652
2652
2652
2650
2652
2652
2654
2654
2656
2656
2658
2656
2660
2660
2658
2658
2658
2656
2656
2654
2656
2658
2658
2662
2660
2660
2660
2658
2656
2654
2656
2660
2658
2660
2664
2664
2662
2666
2668
2668
2670
2666
2668
2666
2666
2668
2670
2668
2668
2668
2666
2666
2664
2668
2666
2664
2662
2660
2660
2658
2660
2658
2660
2664
2666
2666
2666
2664
2664
2666
2664
2666
2664
2664
2666
2666
2668
2670
2668
2668
2666
2666
2662
2664
2666
2666
2666
2668
2668
2666
2668
2668
2668
2666
2670
2672
2674
2676
2678
2678
2680
2680
2680
2678
2680
2680
2678
2676
2678
2678
2678
2676
2676
2674
2674
2674
2674
2674
2676
2678
2676
2678
2678
2678
2680
2680
2678
2674
2678
2680
2682
2682
2680
2680
2680
2682
2682
2684
2684
2684
2684
2682
2682
2682
2684
2686
2686
2686
2682
2684
2682
2682
2684
2682
2684
2686
2684
2686
2688
2688
2684
2686
2686
2686
2688
2688
2690
2688
2690
2688
2688
2690
2692
2692
2688
2688
2688
2690
2690
2692
2692
2690
2688
2686
2686
2686
2686
2684
2686
2688
2688
2692
2688
2686
2688
2690
2690
2688
2686
2684
2682
2686
2690
2692
2694
2696
2694
2694
2694
2696
2696
2696
2698
2700
2702
2702
2698
2700
2702
2702
2704
2706
2706
2706
2708
2708
2704
2704
2702
2704
2704
2706
2704
2704
2706
2704
2702
2700
2702
2700
2700
2700
2696
2696
2696
2694
2692
2690
2690
2688
2688
2686
2688
2689
2689
2693
2695
2697
2697
2699
2699
2701
2705
2709
2707
2705
2707
2703
2703
2701
2699
2701
2701
2699
2699
2697
2695
2697
2697
2695
2695
2693
2693
2697
2695
2695
2697
2693
2693
2689
2689
2691
2691
2691
2693
2695
2693
2695
2697
2695
2693
2691
2689
2687
2685
2687
2689
2691
2691
2693
2689
2687
2689
2691
2691
2693
2693
2695
2693
2695
2697
2697
2697
2699
2699
2701
2703
2703
2705
2707
2705
2707
2705
2705
2705
2705
2703
2705
2705
2705
2707
2703
2705
2709
2709
2705
2707
2707
2707
2709
2709
2709
2707
2709
2707
2707
2707
2709
2707
2707
2707
2703
2703
2703
2699
2697
2693
2695
2697
2695
2697
2697
2697
2697
2699
2703
2701
2703
2705
2703
2703
2701
2699
2695
2693
2695
2695
2693
2697
2695
2693
2691
2695
2697
2697
2701
2705
2701
2703
2705
2701
2697
2695
2695
2695
2695
2695
2693
2689
2689
2689
2689
2687
2691
2691
2695
2695
2697
2697
2699
2697
2697
2699
2701
2705
2705
2709
2709
2709
2707
2703
2701
2699
2699
2701
2699
2697
2699
2699
2701
2701
2703
2703
2703
2703
2701
2701
2697
2697
2697
2697
2699
2695
2697
2697
2697
2697
2693
2693
2693
2693
2695
2695
2697
2695
2695
2695
2693
2693
2695
2695
2699
2699
2699
2699
2697
2697
2695
2695
2695
2693
2691
2691
2693
2695
2697
2697
2697
2695
2697
2697
2697
2695
2697
2699
2699
2699
2697
2699
2699
2701
2701
2703
2701
2701
2699
2699
2701
2703
2705
2705
2705
2705
2701
2701
2701
2701
2701
2703
2705
2705
2705
2703
2705
2703
2703
2703
2705
2701
2699
2697
2695
2693
2695
2697
2697
2697
2699
2695
2699
2701
2699
2699
2701
2703
2703
2705
2705
2701
2703
2705
2707
2707
2707
2707
2711
2711
2709
2707
2705
2705
2703
2703
2703
2703
2703
2703
2705
2707
2707
2709
2707
2709
2711
2709
2707
2705
2705
2707
2711
2713
2715
2717
2715
2711
2713
2717
2717
2717
2715
2717
2717
2717
2721
2717
2715
2717
2717
2717
2719
2719
2719
2723
2721
2721
2721
2719
2715
2715
2715
2715
2717
2719
2719
2717
2721
2721
2719
2721
2725
2725
2721
2721
2719
2721
2721
2725
2725
2723
2725
2723
2721
2721
2725
2725
2727
2729
2729
2731
2731
2731
2731
2731
2727
2727
2725
2723
2723
2725
2727
2727
2725
2727
2729
2727
2727
2729
2727
2727
2731
2731
2731
2731
2735
2737
2737
2739
2743
2747
2747
2745
2743
2743
2745
2747
2745
2741
2739
2741
2741
2741
2743
2743
2743
2739
2739
2743
2743
2741
2745
2747
2749
2749
2747
2749
2753
2753
2753
2751
2753
2753
2755
2753
2751
2753
2751
2751
2753
2755
2753
2753
2751
2751
2751
2753
2751
2749
2749
2749
2749
2747
2745
2747
2743
2741
2737
2739
2737
2735
2735
2737
2737
2739
2739
2737
2737
2737
2737
2735
2733
2731
2731
2731
2727
2727
2727
2727
2727
2723
2727
2729
2731
2729
2733
2735
2735
2735
2735
2733
2733
2731
2731
2731
2729
2731
2731
2733
2731
2731
2729
2729
2729
2729
2729
2729
2727
2729
2729
2727
2727
2729
2727
2727
2727
2727
2725
2727
2725
2723
2721
2721
2723
2725
2723
2723
2725
2723
2725
2729
2727
2729
2729
2727
2729
2727
2727
2729
2731
2731
2733
2731
2729
2729
2727
2727
2729
2729
2731
2733
2733
2733
2733
2731
2729
2731
2727
2729
2731
2731
2731
2731
2729
2727
2725
2725
2727
2725
2727
2727
2731
2733
2729
2727
2729
2727
2727
2729
2725
2725
2725
2727
2727
2727
2727
2727
2725
2725
2725
2727
2725
2725
2723
2725
2723
2721
2723
2721
2725
2723
2725
2725
2725
2727
2729
2733
2731
2731
2731
2729
2729
2727
2727
2727
2727
2725
2725
2727
2725
2721
2723
2725
2727
2727
2725
2727
2725
2723
2723
2725
2727
2723
2721
2721
2723
2725
2721
2721
2723
2723
2723
2723
2723
2725
2723
2725
2727
2727
2729
2729
2729
2729
2725
2723
2721
2721
2725
2727
2729
2729
2729
2725
2725
2729
2731
2727
2729
2725
2725
2723
2721
2719
2719
2719
2717
2713
2711
2713
2715
2715
2717
2719
2721
2721
2721
2717
2717
2717
2721
2723
2725
2725
2725
2727
2725
2727
2727
2727
2731
2731
2731
2731
2729
2729
2727
2727
2729
2727
2729
2729
2729
2733
2733
2733
2735
2731
2731
2735
2735
2733
2733
2735
2735
2735
2731
2731
2731
2731
2731
2729
2727
2725
2725
2727
2729
2727
2727
2727
2729
2729
2731
2729
2727
2723
2721
2721
2719
2717
2717
2715
2713
2715
2719
2719
2721
2723
2725
2723
2723
2723
2723
2727
2725
2729
2727
2729
2727
2729
2731
2731
2733
2733
2733
2735
2733
2733
2733
2735
2739
2741
2737
2739
2739
2741
2739
2741
2741
2741
2739
2739
2739
2741
2741
2743
2741
2745
2745
2743
2745
2745
2745
2743
2743
2745
2745
2743
2743
2741
2739
2739
2741
2741
2739
2741
2739
2737
2739
2743
2741
2739
2739
2739
2741
2741
2745
2747
2747
2747
2745
2745
2745
2745
2743
2745
2745
2741
2739
2741
2745
2747
2747
2747
2747
2749
2749
2753
2753
2755
2753
2755
2753
2755
2751
2753
2753
2749
2751
2749
2749
2749
2745
2743
2743
2745
2747
2749
2747
2747
2745
2745
2745
2743
2741
2741
2741
2739
2743
2745
2749
2751
2751
2753
2753
2751
2751
2753
2755
2757
2757
2755
2757
2757
2757
2757
2757
2755
2755
2755
2751
2751
2749
2749
2749
2751
2755
2757
2759
2757
2759
2763
2763
2759
2759
2761
2765
2767
2767
2767
2763
2763
2761
2759
2757
2753
2755
2757
2755
2755
2755
2751
2749
2749
2751
2749
2751
2751
2749
2751
2749
2747
2747
2747
2745
2743
2745
2745
2743
2745
2747
2747
2749
2753
2753
2755
2759
2761
2763
2765
2767
2765
2767
2767
2769
2769
2769
2771
2771
2773
2773
2771
2767
2769
2767
2765
2769
2769
2767
2767
2763
2765
2765
2761
2757
2757
2753
2753
2755
2755
2757
2755
2753
2751
2751
2753
2751
2753
2757
2759
2757
2757
2757
2757
2755
2755
2755
2751
2753
2753
2757
2761
2763
2763
2767
2767
2769
2769
2767
2765
2765
2765
2763
2765
2765
2761
2763
2765
2765
2769
2767
2769
2767
2763
2763
2767
2767
2767
2769
2767
2767
2769
2771
2773
2773
2775
2775
2779
2779
2779
2777
2775
2771
2769
2771
2769
2767
2765
2765
2769
2767
2767
2771
2771
2769
2769
2773
2777
2777
2775
2771
2773
2773
2771
2767
2769
2769
2769
2765
2761
2761
2763
2763
2759
2759
2763
2763
2759
2757
2757
2757
2759
2759
2757
2757
2759
2759
2757
2755
2755
2753
2753
2753
2751
2751
2751
2749
2751
2749
2749
2751
2751
2753
2753
2749
2747
2747
2747
2747
2749
2753
2753
2755
2753
2753
2753
2753
2757
2757
2757
2755
2753
2757
2759
2759
2755
2755
2755
2751
2753
2755
2757
2761
2759
2761
2761
2763
2763
2765
2769
2767
2769
2769
2765
2763
2759
2755
2753
2751
2753
2753
2751
2753
2755
2757
2759
2761
2763
2763
2763
2765
2765
2765
2765
2765
2769
2771
2773
2773
2771
2769
2767
2767
2767
2767
2771
2769
2767
2767
2769
2771
2771
2771
2773
2771
2771
2771
2769
2769
2767
2769
2771
2773
2777
2779
2779
2781
2781
2783
2787
2789
2789
2787
2787
2791
2789
2787
2789
2791
2793
2793
2795
2795
2797
2797
2799
2797
2797
2797
2795
2791
2791
2791
2793
2791
2789
2791
2787
2787
2785
2781
2781
2781
2783
2785
2783
2783
2785
2785
2787
2787
2787
2791
2793
2793
2793
2793
2793
2793
2791
2789
2791
2791
2789
2787
2787
2789
2791
2793
2797
2797
2797
2797
2799
2801
2803
2805
2805
2805
2807
2809
2807
2809
2807
2811
2809
2807
2807
2805
2805
2805
2805
2803
2805
2805
2809
2809
2811
2813
2811
2811
2809
2805
2803
2801
2803
2801
2803
2803
2801
2799
2797
2795
2797
2795
2791
2791
2791
2793
2793
2795
2795
2795
2795
2795
2797
2799
2797
2793
2789
2791
2793
2791
2789
2789
2787
2789
2787
2785
2787
2785
2785
2785
2785
2783
2787
2791
2793
2795
2797
2799
2799
2801
2805
2803
2803
2807
2805
2803
2799
2799
2799
2797
2799
2801
2797
2797
2795
2793
2791
2787
2787
2787
2785
2785
2783
2787
2785
2787
2787
2787
2787
2787
2785
2785
2785
2785
2785
2781
2779
2783
2781
2779
2779
2781
2781
2781
2781
2785
2787
2785
2783
2781
2777
2777
2777
2775
2773
2775
2777
2777
2777
2773
2775
2775
2777
2775
2773
2775
2775
2771
2771
2769
2767
2767
2769
2769
2769
2771
2773
2777
2775
2775
2773
2771
2769
2765
2767
2767
2769
2771
2769
2769
2767
2769
2771
2769
2767
2771
2769
2771
2769
2767
2765
2767
2763
2763
2765
2765
2765
2767
2769
2767
2769
2769
2771
2769
2771
2771
2773
2769
2769
2769
2767
2763
2763
2763
2763
2765
2763
2763
2763
2761
2763
2765
2767
2769
2773
2775
2773
2775
2773
2775
2775
2775
2777
2777
2779
2779
2779
2779
2777
2777
2779
2781
2781
2779
2781
2779
2777
2775
2773
2771
2771
2773
2773
2771
2771
2773
2769
2769
2771
2771
2771
2771
2769
2769
2771
2771
2771
2773
2773
2771
2767
2767
2769
2771
2773
2773
2771
2769
2773
2773
2769
2771
2773
2771
2771
2773
2771
2769
2767
2767
2767
2767
2765
2765
2765
2767
2765
2761
2759
2759
2759
2757
2757
2755
2755
2753
2753
2751
2753
2753
2755
2755
2755
2753
2755
2755
2755
2753
2751
2755
2755
2753
2751
2749
2751
2751
2749
2749
2753
2753
2753
2757
2761
2759
2761
2759
2759
2759
2761
2761
2759
2761
2761
2759
2761
2759
2761
2759
2757
2753
2753
2751
2747
2749
2751
2751
2751
2751
2751
2753
2751
2755
2755
2755
2753
2755
2751
2751
2749
2747
2745
2747
2749
2749
2747
2749
2747
2751
2753
2755
2757
2753
2757
2757
2759
2759
2759
2757
2757
2759
2757
2757
2753
2749
2751
2751
2751
2755
2757
2759
2759
2757
2757
2757
2755
2757
2755
2753
2755
2753
2753
2753
2753
2757
2757
2759
2757
2759
2757
2757
2755
2753
2757
2757
2759
2759
2761
2759
2761
2763
2763
2763
2767
2769
2769
2769
2769
2769
2773
2771
2773
2775
2779
2779
2779
2775
2771
2771
2769
2769
2767
2767
2769
2769
2771
2775
2773
2773
2777
2777
2775
2773
2773
2773
2773
2775
2777
2775
2775
2777
2775
2771
2773
2773
2771
2771
2771
2773
2771
2771
2769
2765
2765
2767
2767
2767
2769
2773
2773
2771
2773
2775
2773
2775
2775
2773
2771
2773
2773
2771
2767
2765
2763
2763
2761
2763
2765
2767
2769
2767
2767
2763
2763
2763
2763
2763
2763
2767
2771
2769
2771
2769
2771
2773
2771
2771
2767
2765
2765
2765
2765
2767
2767
2769
2767
2767
2765
2767
2765
2767
2767
2767
2763
2765
2765
2761
2761
2761
2761
2765
2763
2765
2767
2765
2763
2765
2763
2763
2761
2763
2763
2763
2763
2763
2761
2759
2757
2757
2759
2761
2761
2761
2765
2761
2761
2765
2767
2767
2765
2765
2767
2771
2773
2769
2769
2765
2765
2765
2767
2767
2769
2769
2769
2767
2767
2771
2773
2773
2773
2773
2773
2771
2769
2765
2767
2769
2769
2771
2769
2771
2771
2771
2773
2771
2773
2775
2777
2775
2777
2777
2779
2783
2781
2781
2781
2781
2779
2779
2781
2779
2779
2777
2779
2779
2779
2779
2783
2781
2781
2781
2781
2781
2785
2789
2785
2783
2783
2785
2787
2787
2785
2785
2787
2787
2785
2785
2785
2785
2783
2781
2779
2779
2781
2783
2781
2781
2781
2781
2781
2779
2777
2775
2773
2773
2775
2773
2772
2772
2770
2768
2768
2768
2768
2770
2770
2768
2766
2766
2764
2766
2766
2768
2766
2766
2766
2768
2770
2770
2768
2768
2770
2774
2772
2770
2772
2774
2774
2774
2772
2772
2770
2770
2766
2770
2770
2768
2766
2768
2770
2772
2774
2774
2774
2776
2778
2780
2778
2782
2780
2778
2780
2780
2780
2780
2782
2780
2782
2782
2782
2780
2782
2782
2784
2786
2786
2784
2782
2782
2783
2783
2785
2785
2785
2785
2785
2787
2789
2789
2791
2791
2791
2793
2791
2791
2791
2787
2789
2789
2787
2785
2781
2783
2783
2783
2783
2783
2783
2785
2787
2785
2785
2785
2783
2785
2787
2787
2787
2785
2785
2783
2779
2781
2785
2785
2785
2789
2791
2793
2795
2797
2799
2797
2797
2795
2799
2801
2801
2801
2801
2799
2797
2797
2799
2801
2797
2797
2797
2799
2797
2799
2801
2801
2805
2803
2803
2805
2809
2811
2811
2809
2807
2809
2811
2811
2811
2815
2815
2815
2815
2815
2819
2819
2817
2813
2811
2809
2811
2809
2811
2809
2805
2807
2807
2809
2805
2805
2803
2801
2803
2801
2803
2803
2801
2799
2795
2791
2791
2791
2791
2791
2791
2789
2789
2787
2787
2789
2791
2791
2793
2795
2795
2795
2795
2795
2795
2795
2791
2793
2791
2791
2793
2793
2791
2791
2791
2789
2789
2787
2787
2789
2791
2793
2793
2793
2793
2791
2791
2791
2793
2793
2791
2793
2791
2789
2789
2789
2789
2791
2791
2789
2793
2795
2797
2799
2801
2801
2797
2795
2795
2797
2797
2793
2791
2787
2785
2785
2783
2783
2779
2781
2781
2781
2781
2783
2787
2783
2785
2787
2783
2785
2783
2783
2785
2787
2791
2793
2793
2791
2793
2793
2795
2795
2795
2795
2797
2797
2793
2793
2795
2793
2791
2791
2791
2793
2793
2795
2797
2797
2797
2797
2797
2797
2801
2801
2797
2793
2793
2793
2791
2793
2797
2799
2797
2799
2801
2799
2801
2803
2803
2805
2805
2801
2799
2803
2801
2801
2801
2801
2803
2803
2803
2801
2803
2803
2801
2803
2805
2805
2807
2805
2803
2799
2799
2797
2797
2797
2797
2793
2797
2799
2799
2797
2799
2795
2791
2795
2799
2803
2803
2801
2803
2805
2807
2807
2807
2805
2807
2805
2803
2799
2803
2803
2801
2801
2799
2801
2797
2801
2803
2801
2799
2799
2799
2799
2797
2795
2793
2791
2791
2791
2793
2795
2793
2791
2791
2791
2793
2795
2795
2797
2801
2803
2801
2801
2801
2799
2801
2801
2799
2799
2797
2797
2799
2799
2799
2801
2803
2803
2801
2801
2801
2799
2801
2803
2805
2809
2807
2805
2803
2803
2805
2805
2805
2807
2809
2807
2807
2805
2801
2799
2799
2799
2801
2801
2801
2803
2803
2805
2807
2805
2803
2807
2807
2809
2807
2805
2809
2811
2811
2809
2809
2811
2811
2809
2811
2813
2813
2815
2813
2815
2817
2819
2817
2819
2819
2815
2813
2815
2815
2817
2817
2815
2815
2815
2817
2815
2817
2817
2817
2817
2819
2817
2819
2817
2815
2813
2815
2813
2811
2811
2813
2811
2813
2813
2813
2811
2811
2809
2809
2809
2807
2809
2811
2811
2813
2815
2815
2817
2817
2819
2821
2819
2819
2819
2823
2821
2821
2819
2819
2821
2821
2821
2819
2819
2821
2821
2825
2827
2827
2827
2827
2825
2829
2829
2833
2831
2833
2833
2831
2833
2833
2833
2829
2827
2831
2833
2833
2833
2833
2835
2837
2837
2837
2837
2833
2833
2833
2831
2831
2835
2833
2835
2835
2831
2831
2829
2829
2833
2831
2833
2831
2829
2831
2827
2827
2825
2825
2823
2823
2825
2827
2823
2825
2827
2827
2827
2829
2829
2831
2833
2833
2835
2835
2833
2833
2833
2833
2833
2831
2827
2827
2825
2827
2827
2827
2825
2827
2829
2829
2831
2833
2831
2831
2831
2833
2833
2835
2835
2837
2837
2837
2837
2833
2835
2835
2835
2837
2839
2837
2835
2835
2835
2837
2835
2835
2833
2835
2835
2837
2837
2835
2833
2837
2837
2837
2835
2833
2833
2833
2831
2829
2827
2827
2827
2827
2827
2831
2831
2833
2835
2835
2837
2837
2835
2835
2835
2835
2835
2835
2837
2839
2841
2841
2841
2843
2839
2839
2839
2839
2839
2841
2845
2849
2849
2847
2847
2847
2849
2847
2847
2849
2847
2849
2849
2847
2847
2849
2849
2845
2847
2851
2853
2851
2851
2847
2847
2847
2849
2849
2849
2845
2843
2845
2847
2843
2845
2845
2841
2843
2845
2845
2841
2841
2843
2843
2845
2845
2847
2849
2851
2853
2853
2853
2853
2853
2853
2853
2849
2849
2849
2847
2847
2845
2845
2847
2847
2847
2847
2851
2849
2849
2847
2847
2847
2849
2851
2851
2851
2851
2855
2855
2855
2853
2857
2861
2859
2857
2857
2857
2859
2859
2859
2859
2855
2851
2849
2851
2849
2847
2847
2847
2843
2845
2847
2849
2851
2849
2849
2851
2851
2849
2849
2849
2849
2851
2849
2851
2849
2849
2849
2847
2847
2845
2847
2847
2847
2847
2845
2847
2849
2849
2853
2853
2855
2853
2849
2847
2845
2843
2847
2845
2843
2841
2843
2843
2843
2843
2845
2845
2845
2847
2843
2843
2843
2845
2849
2847
2845
2849
2849
2847
2849
2851
2851
2851
2851
2851
2851
2847
2845
2843
2843
2843
2841
2841
2839
2839
2837
2835
2835
2835
2837
2839
2841
2843
2843
2843
2845
2841
2841
2841
2841
2843
2839
2839
2839
2837
2837
2839
2837
2835
2833
2831
2827
2825
2823
2823
2823
2823
2825
2827
2827
2825
2825
2825
2827
2829
2827
2825
2827
2829
2831
2831
2831
2829
2827
2829
2829
2829
2827
2829
2829
2827
2827
2827
2827
2825
2827
2827
2825
2825
2825
2829
2833
2833
2835
2833
2831
2833
2829
2831
2833
2831
2829
2831
2829
2827
2823
2823
2821
2823
2823
2823
2823
2827
2827
2825
2823
2823
2827
2825
2827
2825
2825
2825
2825
2827
2829
2829
2829
2825
2827
2831
2835
2833
2833
2833
2837
2837
2837
2835
2835
2833
2833
2831
2829
2829
2829
2827
2827
2825
2823
2823
2823
2825
2827
2829
2831
2831
2831
2831
2831
2831
2833
2833
2831
2831
2833
2833
2833
2829
2827
2827
2825
2827
2827
2827
2829
2827
2827
2823
2821
2823
2821
2821
2819
2817
2817
2821
2819
2819
2823
2825
2825
2821
2823
2825
2825
2827
2823
2823
2819
2821
2821
2821
2821
2823
2823
2821
2823
2823
2823
2825
2823
2823
2821
2821
2819
2817
2817
2817
2819
2817
2817
2817
2815
2813
2811
2809
2809
2807
2803
2801
2801
2801
2801
2805
2803
2801
2801
2803
2805
2803
2801
2801
2803
2799
2797
2799
2801
2801
2805
2807
2805
2807
2809
2809
2811
2811
2813
2813
2811
2809
2809
2811
2807
2807
2807
2811
2813
2813
2813
2815
2815
2815
2817
2819
2821
2821
2817
2817
2813
2813
2811
2811
2811
2813
2815
2815
2813
2813
2817
2819
2817
2819
2817
2817
2813
2815
2815
2815
2813
2811
2809
2805
2807
2809
2811
2811
2815
2817
2819
2819
2821
2825
2825
2821
2821
2819
2817
2813
2813
2815
2815
2819
2817
2815
2815
2815
2817
2819
2821
2821
2821
2819
2819
2819
2815
2813
2813
2813
2811
2811
2811
2815
2813
2815
2817
2815
2813
2811
2809
2807
2807
2807
2805
2803
2803
2803
2803
2805
2803
2803
2801
2801
2803
2803
2805
2805
2803
2805
2807
2807
2803
2803
2803
2803
2799
2801
2805
2805
2803
2805
2807
2805
2801
2801
2801
2801
2801
2801
2805
2801
2803
2803
2801
2805
2807
2809
2805
2803
2799
2801
2801
2805
2805
2803
2803
2801
2801
2801
2803
2803
2801
2803
2803
2803
2803
2803
2801
2801
2803
2803
2801
2801
2803
2801
2803
2803
2805
2805
2805
2807
2807
2805
2805
2803
2799
2799
2799
2801
2801
2803
2803
2801
2799
2797
2795
2799
2801
2801
2801
2803
2805
2803
2805
2807
2805
2803
2799
2799
2799
2799
2799
2797
2795
2793
2791
2791
2791
2791
2793
2791
2789
2787
2787
2789
2791
2791
2795
2795
2791
2793
2793
2793
2793
2793
2793
2793
2793
2789
2789
2789
2789
2789
2791
2793
2793
2795
2797
2799
2801
2801
2801
2801
2797
2799
2797
2795
2797
2797
2795
2793
2791
2793
2791
2793
2791
2791
2791
2793
2793
2793
2793
2797
2797
2797
2795
2795
2795
2793
2791
2793
2795
2793
2791
2789
2785
2783
2783
2783
2781
2779
2781
2779
2781
2783
2787
2791
2789
2785
2787
2787
2787
2785
2783
2783
2783
2781
2783
2779
2781
2781
2783
2787
2787
2789
2789
2791
2793
2791
2789
2791
2791
2791
2789
2787
2789
2791
2791
2789
2789
2789
2791
2791
2789
2793
2793
2793
2791
2793
2793
2791
2791
2791
2789
2785
2785
2789
2789
2787
2789
2789
2789
2787
2789
2791
2791
2791
2793
2793
2793
2793
2789
2791
2791
2795
2797
2799
2801
2801
2803
2799
2803
2801
2801
2799
2801
2805
2801
2799
2799
2803
2803
2801
2803
2801
2801
2801
2799
2799
2797
2797
2797
2799
2799
2801
2801
2803
2805
2801
2803
2801
2799
2801
2801
2801
2801
2803
2805
2805
2807
2807
2807
2807
2809
2807
2805
2807
2807
2807
2805
2803
2799
2797
2799
2799
2801
2801
2803
2801
2801
2801
2801
2799
2801
2803
2801
2801
2801
2803
2803
2805
2803
2801
2803
2801
2799
2801
2801
2799
2801
2799
2801
2803
2803
2801
2805
2803
2799
2801
2799
2797
2795
2795
2793
2795
2793
2793
2791
2791
2789
2789
2787
2785
2785
2783
2783
2783
2781
2781
2777
2779
2777
2777
2775
2771
2769
2767
2765
2767
2765
2765
2767
2769
2769
2769
2769
2771
2771
2775
2777
2773
2771
2769
2769
2769
2765
2767
2767
2769
2771
2771
2773
2775
2775
2775
2775
2773
2769
2771
2773
2771
2771
2771
2773
2771
2773
2773
2773
2775
2779
2779
2779
2777
2777
2777
2777
2777
2779
2777
2781
2779
2783
2783
2783
2783
2779
2777
2775
2777
2777
2779
2781
2781
2783
2783
2785
2785
2787
2787
2783
2785
2785
2783
2785
2783
2783
2783
2783
2783
2781
2781
2781
2783
2781
2777
2779
2779
2775
2775
2775
2773
2777
2777
2773
2775
2775
2777
2779
2777
2777
2781
2779
2777
2775
2775
2773
2773
2771
2771
2773
2773
2769
2769
2767
2767
2769
2767
2767
2769
2771
2771
2771
2771
2771
2771
2769
2767
2765
2765
2765
2765
2763
2765
2765
2763
2763
2765
2765
2767
2767
2765
2767
2767
2763
2763
2761
2759
2759
2763
2763
2767
2767
2765
2763
2765
2765
2767
2765
2769
2769
2773
2773
2775
2775
2773
2775
2775
2775
2773
2775
2773
2775
2775
2771
2773
2773
2775
2775
2773
2771
2771
2771
2775
2775
2773
2771
2771
2771
2769
2767
2767
2767
2765
2763
2763
2763
2763
2761
2763
2765
2765
2765
2765
2765
2763
2765
2763
2763
2765
2765
2763
2763
2763
2761
2761
2761
2759
2759
2759
2761
2759
2759
2759
2761
2761
2763
2765
2767
2763
2759
2757
2755
2755
2755
2755
2759
2757
2755
2753
2753
2755
2757
2757
2759
2759
2763
2761
2759
2755
2755
2757
2759
2761
2761
2763
2761
2761
2761
2759
2759
2759
2759
2757
2755
2755
2757
2755
2753
2751
2749
2747
2745
2745
2745
2747
2749
2751
2755
2755
2753
2753
2753
2753
2755
2753
2755
2757
2757
2755
2755
2753
2753
2753
2755
2757
2757
2757
2755
2755
2755
2753
2755
2755
2755
2757
2759
2759
2755
2755
2753
2755
2753
2751
2751
2753
2755
2753
2755
2755
2759
2763
2765
2765
2763
2763
2763
2761
2761
2759
2759
2759
2759
2759
2759
2761
2759
2759
2761
2761
2761
2757
2761
2759
2761
2759
2759
2759
2763
2761
2765
2765
2765
2767
2769
2767
2771
2773
2775
2779
2777
2777
2781
2779
2779
2777
2779
2779
2777
2775
2777
2777
2775
2773
2775
2775
2777
2781
2781
2781
2781
2781
2781
2783
2783
2783
2785
2783
2783
2783
2781
2781
2781
2779
2777
2775
2779
2775
2779
2775
2777
2779
2781
2783
2785
2787
2785
2789
2791
2791
2791
2793
2791
2791
2791
2789
2789
2791
2793
2791
2793
2791
2793
2795
2793
2793
2793
2793
2797
2797
2799
2797
2799
2799
2797
2795
2795
2793
2793
2791
2787
2789
2791
2789
2789
2791
2795
2793
2795
2795
2795
2795
2797
2797
