4
6
10
14
18
22
24
26
28
32
30
34
34
38
40
44
46
50
54
56
58
60
64
68
70
66
66
68
70
72
74
78
82
86
88
92
96
98
102
100
98
102
104
108
108
110
114
114
112
116
118
122
124
124
126
128
132
134
132
130
126
130
128
130
132
134
134
136
138
136
138
142
142
140
136
138
140
142
144
148
150
148
150
150
148
150
154
156
160
158
160
164
168
172
172
174
178
178
182
184
182
182
182
184
182
182
186
188
190
190
194
196
200
202
204
202
202
204
206
206
210
212
216
214
218
214
216
216
212
212
214
218
218
214
214
210
210
214
216
216
216
218
220
222
224
228
230
232
232
232
230
234
234
238
238
240
240
242
240
238
234
234
236
234
236
232
232
234
236
238
240
242
246
242
244
242
244
244
242
244
242
246
242
244
244
246
242
246
250
254
258
256
252
248
252
252
256
256
258
254
256
254
256
254
258
254
256
258
256
254
256
260
258
262
264
266
264
260
258
258
258
256
258
260
262
266
270
270
266
268
266
268
266
268
270
274
276
274
274
276
274
274
276
272
270
270
270
268
270
272
270
274
276
278
276
272
276
276
280
282
278
280
284
284
282
286
286
290
292
290
288
284
280
284
282
282
284
284
286
284
280
278
280
282
280
280
278
278
276
274
278
276
278
282
284
282
284
280
280
278
276
280
276
278
276
274
272
276
276
276
274
272
272
276
280
280
280
282
284
284
286
282
282
284
282
280
282
284
282
282
284
286
290
290
292
294
296
296
296
292
292
292
290
290
292
292
288
286
286
286
286
290
290
288
286
284
284
288
290
292
294
292
292
288
286
284
286
288
290
292
290
290
286
286
290
288
290
288
286
290
290
288
290
290
290
290
290
292
294
292
290
292
296
292
296
296
296
300
300
300
302
304
302
300
300
302
306
306
302
300
296
298
302
304
306
308
304
302
302
306
308
312
314
312
314
312
308
312
308
304
304
302
304
300
304
308
310
312
312
310
308
306
306
302
304
306
306
302
300
300
304
308
310
312
308
304
302
302
300
302
300
304
304
304
304
308
310
308
310
306
306
306
302
302
300
298
300
296
296
294
298
296
296
298
296
294
292
294
292
296
296
300
302
304
308
306
308
310
310
308
308
310
312
314
312
312
314
312
314
318
318
320
316
314
316
316
318
316
318
316
312
316
314
316
316
320
322
326
324
324
328
328
332
332
334
336
336
340
344
346
348
348
350
346
344
340
336
338
336
336
338
340
340
340
338
334
330
330
330
332
332
328
332
328
324
326
326
330
332
330
330
326
328
330
330
328
330
328
326
326
328
324
326
324
326
324
322
320
318
316
318
316
318
320
322
324
324
326
328
330
334
334
332
330
332
330
334
334
332
328
326
330
328
332
334
336
336
336
336
338
334
332
328
326
328
324
322
324
324
326
328
326
328
328
328
328
328
330
330
328
330
332
332
332
330
334
338
340
342
342
344
346
348
350
352
354
352
352
352
350
346
344
346
344
348
348
344
344
342
340
338
338
334
338
342
338
336
336
334
336
338
336
332
330
334
336
336
332
328
330
328
332
332
334
336
336
336
338
338
338
334
330
334
332
336
338
336
340
344
344
342
340
342
340
340
340
338
334
332
332
334
330
332
332
334
332
334
332
334
336
334
336
334
332
330
328
332
332
332
328
328
332
328
332
336
336
334
330
330
326
328
328
330
332
332
328
328
328
332
330
332
332
334
334
330
334
330
332
332
332
332
336
334
334
332
332
336
334
332
330
328
326
328
328
324
328
330
332
334
336
336
332
328
328
330
330
330
332
332
332
330
328
330
330
330
334
334
334
334
330
330
330
330
326
328
330
330
330
330
332
334
338
336
338
334
334
334
336
332
328
328
326
326
324
326
322
320
318
322
320
318
318
320
320
316
320
322
322
324
324
322
324
320
320
324
326
326
322
324
324
322
324
322
320
322
324
328
330
326
324
326
324
322
320
320
320
320
318
316
318
318
320
324
322
326
328
330
328
330
332
332
334
332
332
334
332
330
332
328
324
322
324
326
326
326
324
324
324
328
328
332
336
338
338
334
336
334
334
330
332
332
328
332
332
332
334
334
330
334
334
334
338
338
338
334
332
332
334
338
336
338
334
338
340
342
346
348
348
348
350
350
346
350
354
352
348
348
346
348
346
346
344
344
340
342
344
342
340
344
342
342
346
344
348
350
352
350
350
354
352
350
348
346
350
354
350
350
352
356
354
352
350
348
346
344
342
342
342
340
338
